[2021-05-25T08:43:28.775909-03:00] Translate.WARNING: [translate] Message not found {"language":"pt_BR","message":"Olá"} []
[2021-05-25T08:43:28.779228-03:00] Translate.WARNING: [translate] Message must be a string {"language":"pt_BR","message":83} []
[2021-05-25T08:43:28.779654-03:00] Translate.WARNING: [translate] Message not found {"language":"pt_BR","message":"tree"} []
[2021-05-25T08:43:28.780014-03:00] Translate.WARNING: [translate] Message must be a string {"language":"pt_BR","message":83} []
[2021-05-25T08:43:28.783263-03:00] Translate.WARNING: [translate] Message must be a string {"language":"pt_BR","message":[]} []
[2021-05-25T08:43:51.399769-03:00] Translate.WARNING: [translate] Message not found {"language":"pt_BR","message":"Olá"} []
[2021-05-25T08:43:51.401928-03:00] Translate.WARNING: [translate] Message must be a string {"language":"pt_BR","message":9} []
[2021-05-25T08:43:51.402326-03:00] Translate.WARNING: [translate] Message not found {"language":"pt_BR","message":"tree"} []
[2021-05-25T08:43:51.402673-03:00] Translate.WARNING: [translate] Message must be a string {"language":"pt_BR","message":9} []
[2021-05-25T08:43:51.404084-03:00] Translate.WARNING: [translate] Message must be a string {"language":"pt_BR","message":[]} []
[2021-05-25T08:45:05.162635-03:00] Translate.WARNING: [translate] Message not found {"language":"pt_BR","message":"Olá"} []
[2021-05-25T08:45:05.164789-03:00] Translate.WARNING: [translate] Message must be a string {"language":"pt_BR","message":96} []
[2021-05-25T08:45:05.165385-03:00] Translate.WARNING: [translate] Message not found {"language":"pt_BR","message":"tree"} []
[2021-05-25T08:45:05.165772-03:00] Translate.WARNING: [translate] Message must be a string {"language":"pt_BR","message":96} []
[2021-05-25T08:45:18.309486-03:00] Translate.WARNING: [translate] Message not found {"language":"pt_BR","message":"Olá"} []
[2021-05-25T08:45:18.311707-03:00] Translate.WARNING: [translate] Message must be a string {"language":"pt_BR","message":99} []
[2021-05-25T08:45:18.312281-03:00] Translate.WARNING: [translate] Message not found {"language":"pt_BR","message":"tree"} []
[2021-05-25T08:45:18.312634-03:00] Translate.WARNING: [translate] Message must be a string {"language":"pt_BR","message":99} []
[2021-05-25T08:45:18.403130-03:00] Translate.WARNING: [translate] Message not found {"language":"pt_BR","message":"Olá"} []
[2021-05-25T08:45:34.352746-03:00] Translate.WARNING: [translate] Message not found {"language":"pt_BR","message":"Olá"} []
[2021-05-25T08:45:34.354468-03:00] Translate.WARNING: [translate] Message must be a string {"language":"pt_BR","message":27} []
[2021-05-25T08:45:34.354952-03:00] Translate.WARNING: [translate] Message not found {"language":"pt_BR","message":"tree"} []
[2021-05-25T08:45:34.355315-03:00] Translate.WARNING: [translate] Message must be a string {"language":"pt_BR","message":27} []
[2021-05-25T08:45:51.723001-03:00] Translate.WARNING: [translate] Message not found {"language":"pt_BR","message":"Olá"} []
[2021-05-25T08:45:51.724651-03:00] Translate.WARNING: [translate] Message must be a string {"language":"pt_BR","message":35} []
[2021-05-25T08:45:51.725032-03:00] Translate.WARNING: [translate] Message not found {"language":"pt_BR","message":"tree"} []
[2021-05-25T08:45:51.725416-03:00] Translate.WARNING: [translate] Message must be a string {"language":"pt_BR","message":35} []
[2021-05-25T08:46:23.639146-03:00] Translate.WARNING: [translate] Message not found {"language":"pt_BR","message":"Olá"} []
[2021-05-25T08:46:23.640964-03:00] Translate.WARNING: [translate] Message must be a string {"language":"pt_BR","message":64} []
[2021-05-25T08:46:23.641358-03:00] Translate.WARNING: [translate] Message not found {"language":"pt_BR","message":"tree"} []
[2021-05-25T08:46:23.641702-03:00] Translate.WARNING: [translate] Message must be a string {"language":"pt_BR","message":64} []
[2021-05-25T08:46:45.125652-03:00] Translate.WARNING: [translate] Message not found {"language":"pt_BR","message":"Olá"} []
[2021-05-25T08:46:45.127730-03:00] Translate.WARNING: [translate] Message must be a string {"language":"pt_BR","message":69} []
[2021-05-25T08:46:45.128148-03:00] Translate.WARNING: [translate] Message not found {"language":"pt_BR","message":"tree"} []
[2021-05-25T08:46:45.128492-03:00] Translate.WARNING: [translate] Message must be a string {"language":"pt_BR","message":69} []
[2021-05-25T08:46:45.130137-03:00] Translate.WARNING: [translate] Message must be a string {"language":"pt_BR","message":[]} []
[2021-05-25T08:46:46.150950-03:00] Translate.WARNING: [translate] Message not found {"language":"pt_BR","message":"Olá"} []
[2021-05-25T08:46:46.152769-03:00] Translate.WARNING: [translate] Message must be a string {"language":"pt_BR","message":53} []
[2021-05-25T08:46:46.153471-03:00] Translate.WARNING: [translate] Message not found {"language":"pt_BR","message":"tree"} []
[2021-05-25T08:46:46.154015-03:00] Translate.WARNING: [translate] Message must be a string {"language":"pt_BR","message":53} []
[2021-05-25T08:46:46.155636-03:00] Translate.WARNING: [translate] Message must be a string {"language":"pt_BR","message":[]} []
[2021-05-25T08:47:31.489236-03:00] Translate.WARNING: [translate] Message not found {"language":"pt_BR","message":"Olá"} []
[2021-05-25T08:47:31.490887-03:00] Translate.WARNING: [translate] Message must be a string {"language":"pt_BR","message":30} []
[2021-05-25T08:47:31.491271-03:00] Translate.WARNING: [translate] Message not found {"language":"pt_BR","message":"tree"} []
[2021-05-25T08:47:31.491625-03:00] Translate.WARNING: [translate] Message must be a string {"language":"pt_BR","message":30} []
[2021-05-25T08:48:06.791080-03:00] Translate.WARNING: [translate] Message not found {"language":"pt_BR","message":"Olá"} []
[2021-05-25T08:48:06.793166-03:00] Translate.WARNING: [translate] Message must be a string {"language":"pt_BR","message":80} []
[2021-05-25T08:48:06.793577-03:00] Translate.WARNING: [translate] Message not found {"language":"pt_BR","message":"tree"} []
[2021-05-25T08:48:06.793920-03:00] Translate.WARNING: [translate] Message must be a string {"language":"pt_BR","message":80} []
[2021-05-25T08:48:06.886678-03:00] Translate.WARNING: [translate] Message not found {"language":"pt_BR","message":"Portal de pedidos - Automatiza.App"} []
[2021-05-25T08:48:06.887357-03:00] Translate.WARNING: [translate] Message not found {"language":"pt_BR","message":"Home"} []
